<?xml version="1.0" encoding="UTF-8"?>
<!-- Generated by org.testng.reporters.JUnitXMLReporter -->
<testsuite ignored="0" hostname="BYOD-NIVA" failures="0" tests="6" name="Test" time="0.093" errors="0" timestamp="2022-04-05T20:40:20 IST">
  <testcase classname="mavenpackage.APITest" name="hello1" time="0.017"/>
  <testcase classname="mavenpackage.APITest" name="hello2" time="0.001"/>
  <testcase classname="mavenpackage.APITest" name="hello3" time="0.0"/>
  <testcase classname="mavenpackage.UITest" name="hello1" time="0.001"/>
  <testcase classname="mavenpackage.UITest" name="hello2" time="0.001"/>
  <testcase classname="mavenpackage.UITest" name="hello3" time="0.0"/>
</testsuite> <!-- Test -->
