<?xml version="1.0" encoding="UTF-8"?>
<testsuite xmlns:xsi="http://www.w3.org/2001/XMLSchema-instance" xsi:noNamespaceSchemaLocation="https://maven.apache.org/surefire/maven-surefire-plugin/xsd/surefire-test-report-3.0.xsd" version="3.0" name="TestSuite" time="0.809" tests="6" errors="0" skipped="0" failures="0">
  <properties>
[...]
</properties>
  <testcase name="hello1" classname="mavenpackage.APITest" time="0.009">
    <system-out><![CDATA[Hello1
]]></system-out>
    <system-err><![CDATA[SLF4J: Failed to load class "org.slf4j.impl.StaticLoggerBinder".
SLF4J: Defaulting to no-operation (NOP) logger implementation
SLF4J: See http://www.slf4j.org/codes.html#StaticLoggerBinder for further details.
]]></system-err>
  </testcase>
  <testcase name="hello2" classname="mavenpackage.APITest" time="0.001">
    <system-out><![CDATA[Hello2
]]></system-out>
  </testcase>
  <testcase name="hello3" classname="mavenpackage.APITest" time="0.002">
    <system-out><![CDATA[Hello3
]]></system-out>
  </testcase>
  <testcase name="hello1" classname="mavenpackage.UITest" time="0.001">
    <system-out><![CDATA[Hello1
]]></system-out>
  </testcase>
  <testcase name="hello2" classname="mavenpackage.UITest" time="0.002">
    <system-out><![CDATA[Hello2
]]></system-out>
  </testcase>
  <testcase name="hello3" classname="mavenpackage.UITest" time="0.002">
    <system-out><![CDATA[Hello3
]]></system-out>
  </testcase>
</testsuite>