<?xml version="1.0" encoding="UTF-8"?>
<testng-results ignored="0" total="6" passed="6" failed="0" skipped="0">
  <reporter-output>
  </reporter-output>
  <suite started-at="2022-04-05T19:13:52 IST" name="Suite" finished-at="2022-04-05T19:13:52 IST" duration-ms="80">
    <groups>
    </groups>
    <test started-at="2022-04-05T19:13:52 IST" name="Test" finished-at="2022-04-05T19:13:52 IST" duration-ms="80">
      <class name="mavenpackage.APITest">
        <test-method signature="hello1()[pri:0, instance:mavenpackage.APITest@543588e6]" started-at="2022-04-05T19:13:52 IST" name="hello1" finished-at="2022-04-05T19:13:52 IST" duration-ms="13" status="PASS">
          <reporter-output>
          </reporter-output>
        </test-method> <!-- hello1 -->
        <test-method signature="hello2()[pri:0, instance:mavenpackage.APITest@543588e6]" started-at="2022-04-05T19:13:52 IST" name="hello2" finished-at="2022-04-05T19:13:52 IST" duration-ms="2" status="PASS">
          <reporter-output>
          </reporter-output>
        </test-method> <!-- hello2 -->
        <test-method signature="hello3()[pri:0, instance:mavenpackage.APITest@543588e6]" started-at="2022-04-05T19:13:52 IST" name="hello3" finished-at="2022-04-05T19:13:52 IST" duration-ms="1" status="PASS">
          <reporter-output>
          </reporter-output>
        </test-method> <!-- hello3 -->
      </class> <!-- mavenpackage.APITest -->
      <class name="mavenpackage.UITest">
        <test-method signature="hello1()[pri:0, instance:mavenpackage.UITest@2ed2d9cb]" started-at="2022-04-05T19:13:52 IST" name="hello1" finished-at="2022-04-05T19:13:52 IST" duration-ms="1" status="PASS">
          <reporter-output>
          </reporter-output>
        </test-method> <!-- hello1 -->
        <test-method signature="hello2()[pri:0, instance:mavenpackage.UITest@2ed2d9cb]" started-at="2022-04-05T19:13:52 IST" name="hello2" finished-at="2022-04-05T19:13:52 IST" duration-ms="1" status="PASS">
          <reporter-output>
          </reporter-output>
        </test-method> <!-- hello2 -->
        <test-method signature="hello3()[pri:0, instance:mavenpackage.UITest@2ed2d9cb]" started-at="2022-04-05T19:13:52 IST" name="hello3" finished-at="2022-04-05T19:13:52 IST" duration-ms="1" status="PASS">
          <reporter-output>
          </reporter-output>
        </test-method> <!-- hello3 -->
      </class> <!-- mavenpackage.UITest -->
    </test> <!-- Test -->
  </suite> <!-- Suite -->
</testng-results>
